2020-12-16T17:43:47.496Z [grades-control-api] info: GET /grade
2020-12-16T17:44:07.963Z [grades-control-api] info: GET /grade/:id
2020-12-16T17:44:14.574Z [grades-control-api] info: GET /grade/:id
2020-12-16T17:44:47.671Z [grades-control-api] info: POST /grade
2020-12-16T17:45:04.506Z [grades-control-api] info: GET /grade
2020-12-16T17:45:32.652Z [grades-control-api] info: PUT /grade
2020-12-16T17:45:41.287Z [grades-control-api] info: GET /grade
2020-12-16T17:46:17.884Z [grades-control-api] info: DELETE /grade/:id
2020-12-16T17:49:59.988Z [grades-control-api] info: POST /grade
2020-12-16T18:28:25.853Z [grades-control-api] info: GET /grade
2020-12-16T18:58:11.808Z [grades-control-api] info: GET /grade/:id
2020-12-16T19:13:38.637Z [grades-control-api] info: GET /grade
2020-12-16T19:19:58.554Z [grades-control-api] info: POST /grade
2020-12-16T19:20:00.626Z [grades-control-api] info: POST /grade
2020-12-16T19:20:02.859Z [grades-control-api] info: POST /grade
2020-12-16T19:20:03.956Z [grades-control-api] info: POST /grade
2020-12-16T19:20:04.897Z [grades-control-api] info: POST /grade
2020-12-16T19:20:07.240Z [grades-control-api] info: GET /grade
2020-12-16T19:20:10.197Z [grades-control-api] info: GET /grade
2020-12-17T00:14:28.038Z [grades-control-api] info: GET /grade
2020-12-17T02:58:16.647Z [grades-control-api] info: GET /grade
2020-12-17T03:00:24.279Z [grades-control-api] info: /consultarMedia
2020-12-17T03:00:36.729Z [grades-control-api] info: /consultarMedia
2020-12-17T03:00:55.382Z [grades-control-api] info: /consultarMedia
2020-12-17T03:01:10.984Z [grades-control-api] info: /consultarMedia
2020-12-17T03:01:32.435Z [grades-control-api] info: /bigGrades
2020-12-17T03:02:21.954Z [grades-control-api] info: /bigGrades
2020-12-17T03:02:27.657Z [grades-control-api] info: /bigGrades
2020-12-17T03:03:13.416Z [grades-control-api] info: /bigGrades
2020-12-17T03:04:03.377Z [grades-control-api] info: /bigGrades
2020-12-17T03:06:07.767Z [grades-control-api] info: /bigGrades
2020-12-17T03:09:24.082Z [grades-control-api] info: /bigGrades
2020-12-17T03:11:30.946Z [grades-control-api] info: /bigGrades
2020-12-17T03:11:53.180Z [grades-control-api] info: /bigGrades
2020-12-17T03:12:42.749Z [grades-control-api] info: /bigGrades
